2017-12-18 11:27:32,685  INFO Application:48 - Starting Application on DESKTOP-MQEVQH2 with PID 8692 (D:\Workspace\WeChatShop_Java\target\classes started by lenovo in D:\Workspace\WeChatShop_Java)
2017-12-18 11:27:32,689  INFO Application:637 - No active profile set, falling back to default profiles: default
2017-12-18 11:27:32,860  INFO AnnotationConfigEmbeddedWebApplicationContext:582 - Refreshing org.springframework.boot.context.embedded.AnnotationConfigEmbeddedWebApplicationContext@757942a1: startup date [Mon Dec 18 11:27:32 CST 2017]; root of context hierarchy
2017-12-18 11:27:34,300  INFO Version:30 - HV000001: Hibernate Validator 5.3.4.Final
2017-12-18 11:27:35,746  INFO PostProcessorRegistrationDelegate$BeanPostProcessorChecker:325 - Bean 'org.springframework.boot.autoconfigure.validation.ValidationAutoConfiguration' of type [class org.springframework.boot.autoconfigure.validation.ValidationAutoConfiguration] is not eligible for getting processed by all BeanPostProcessors (for example: not eligible for auto-proxying)
2017-12-18 11:27:35,833  INFO PostProcessorRegistrationDelegate$BeanPostProcessorChecker:325 - Bean 'validator' of type [class org.springframework.validation.beanvalidation.LocalValidatorFactoryBean] is not eligible for getting processed by all BeanPostProcessors (for example: not eligible for auto-proxying)
2017-12-18 11:27:36,339  INFO PostProcessorRegistrationDelegate$BeanPostProcessorChecker:325 - Bean 'org.springframework.transaction.annotation.ProxyTransactionManagementConfiguration' of type [class org.springframework.transaction.annotation.ProxyTransactionManagementConfiguration$$EnhancerBySpringCGLIB$$4bb9271c] is not eligible for getting processed by all BeanPostProcessors (for example: not eligible for auto-proxying)
2017-12-18 11:27:37,438  INFO TomcatEmbeddedServletContainer:89 - Tomcat initialized with port(s): 8080 (http)
2017-12-18 11:27:39,190  INFO ContextLoader:276 - Root WebApplicationContext: initialization completed in 6331 ms
2017-12-18 11:27:39,551  INFO ServletRegistrationBean:190 - Mapping servlet: 'dispatcherServlet' to [/]
2017-12-18 11:27:39,558  INFO FilterRegistrationBean:258 - Mapping filter: 'characterEncodingFilter' to: [/*]
2017-12-18 11:27:39,558  INFO FilterRegistrationBean:258 - Mapping filter: 'hiddenHttpMethodFilter' to: [/*]
2017-12-18 11:27:39,564  INFO FilterRegistrationBean:258 - Mapping filter: 'httpPutFormContentFilter' to: [/*]
2017-12-18 11:27:39,564  INFO FilterRegistrationBean:258 - Mapping filter: 'requestContextFilter' to: [/*]
2017-12-18 11:27:42,007  INFO RequestMappingHandlerAdapter:534 - Looking for @ControllerAdvice: org.springframework.boot.context.embedded.AnnotationConfigEmbeddedWebApplicationContext@757942a1: startup date [Mon Dec 18 11:27:32 CST 2017]; root of context hierarchy
2017-12-18 11:27:43,123  INFO RequestMappingHandlerMapping:543 - Mapped "{[/index]}" onto public java.lang.String com.wechat.shop.controller.UserController.index()
2017-12-18 11:27:43,126  INFO RequestMappingHandlerMapping:543 - Mapped "{[/login]}" onto public java.util.Map<java.lang.String, java.lang.Object> com.wechat.shop.controller.UserController.login(java.lang.String,java.lang.String,java.lang.Integer,java.lang.String,java.lang.String,java.lang.String,java.lang.String) throws java.lang.Exception
2017-12-18 11:27:43,126  INFO RequestMappingHandlerMapping:543 - Mapped "{[/addReceivingAddress]}" onto public java.util.Map<java.lang.String, java.lang.Object> com.wechat.shop.controller.UserController.addReceivingAddress(java.lang.String,java.lang.String,java.lang.String,java.lang.String,java.lang.String,java.lang.String,java.lang.String,java.lang.String,java.lang.String) throws java.lang.Exception
2017-12-18 11:27:43,126  INFO RequestMappingHandlerMapping:543 - Mapped "{[/setAddressStatusById]}" onto public java.util.Map<java.lang.String, java.lang.Object> com.wechat.shop.controller.UserController.setAddressStatusById(java.lang.String,java.lang.Long) throws java.lang.Exception
2017-12-18 11:27:43,127  INFO RequestMappingHandlerMapping:543 - Mapped "{[/queryReceivingAddressListById]}" onto public java.util.Map<java.lang.String, java.lang.Object> com.wechat.shop.controller.UserController.queryReceivingAddressListById(java.lang.String) throws java.lang.Exception
2017-12-18 11:27:43,127  INFO RequestMappingHandlerMapping:543 - Mapped "{[/delAddressStatusById]}" onto public java.util.Map<java.lang.String, java.lang.Object> com.wechat.shop.controller.UserController.delAddressStatusById(java.lang.String,java.lang.Long,java.lang.Integer) throws java.lang.Exception
2017-12-18 11:27:43,133  INFO RequestMappingHandlerMapping:543 - Mapped "{[/error]}" onto public org.springframework.http.ResponseEntity<java.util.Map<java.lang.String, java.lang.Object>> org.springframework.boot.autoconfigure.web.BasicErrorController.error(javax.servlet.http.HttpServletRequest)
2017-12-18 11:27:43,133  INFO RequestMappingHandlerMapping:543 - Mapped "{[/error],produces=[text/html]}" onto public org.springframework.web.servlet.ModelAndView org.springframework.boot.autoconfigure.web.BasicErrorController.errorHtml(javax.servlet.http.HttpServletRequest,javax.servlet.http.HttpServletResponse)
2017-12-18 11:27:44,130  INFO SimpleUrlHandlerMapping:354 - Mapped URL path [/webjars/**] onto handler of type [class org.springframework.web.servlet.resource.ResourceHttpRequestHandler]
2017-12-18 11:27:44,131  INFO SimpleUrlHandlerMapping:354 - Mapped URL path [/**] onto handler of type [class org.springframework.web.servlet.resource.ResourceHttpRequestHandler]
2017-12-18 11:27:44,881  INFO SimpleUrlHandlerMapping:354 - Mapped URL path [/**/favicon.ico] onto handler of type [class org.springframework.web.servlet.resource.ResourceHttpRequestHandler]
2017-12-18 11:27:48,752  INFO AnnotationMBeanExporter:431 - Registering beans for JMX exposure on startup
2017-12-18 11:27:48,888  INFO TomcatEmbeddedServletContainer:192 - Tomcat started on port(s): 8080 (http)
2017-12-18 11:27:48,895  INFO Application:57 - Started Application in 16.877 seconds (JVM running for 17.437)
2017-12-18 11:27:49,494  INFO Application:25 - start
2017-12-18 11:29:27,639  INFO Application:48 - Starting Application on DESKTOP-MQEVQH2 with PID 14128 (D:\Workspace\WeChatShop_Java\target\classes started by lenovo in D:\Workspace\WeChatShop_Java)
2017-12-18 11:29:27,641  INFO Application:637 - No active profile set, falling back to default profiles: default
2017-12-18 11:29:27,810  INFO AnnotationConfigEmbeddedWebApplicationContext:582 - Refreshing org.springframework.boot.context.embedded.AnnotationConfigEmbeddedWebApplicationContext@757942a1: startup date [Mon Dec 18 11:29:27 CST 2017]; root of context hierarchy
2017-12-18 11:29:29,533  INFO Version:30 - HV000001: Hibernate Validator 5.3.4.Final
2017-12-18 11:29:30,370  INFO PostProcessorRegistrationDelegate$BeanPostProcessorChecker:325 - Bean 'org.springframework.boot.autoconfigure.validation.ValidationAutoConfiguration' of type [class org.springframework.boot.autoconfigure.validation.ValidationAutoConfiguration] is not eligible for getting processed by all BeanPostProcessors (for example: not eligible for auto-proxying)
2017-12-18 11:29:30,510  INFO PostProcessorRegistrationDelegate$BeanPostProcessorChecker:325 - Bean 'validator' of type [class org.springframework.validation.beanvalidation.LocalValidatorFactoryBean] is not eligible for getting processed by all BeanPostProcessors (for example: not eligible for auto-proxying)
2017-12-18 11:29:30,999  INFO PostProcessorRegistrationDelegate$BeanPostProcessorChecker:325 - Bean 'org.springframework.transaction.annotation.ProxyTransactionManagementConfiguration' of type [class org.springframework.transaction.annotation.ProxyTransactionManagementConfiguration$$EnhancerBySpringCGLIB$$1aaae2c7] is not eligible for getting processed by all BeanPostProcessors (for example: not eligible for auto-proxying)
2017-12-18 11:29:32,191  INFO TomcatEmbeddedServletContainer:89 - Tomcat initialized with port(s): 8080 (http)
2017-12-18 11:29:33,893  INFO ContextLoader:276 - Root WebApplicationContext: initialization completed in 6085 ms
2017-12-18 11:29:34,252  INFO ServletRegistrationBean:190 - Mapping servlet: 'dispatcherServlet' to [/]
2017-12-18 11:29:34,260  INFO FilterRegistrationBean:258 - Mapping filter: 'characterEncodingFilter' to: [/*]
2017-12-18 11:29:34,260  INFO FilterRegistrationBean:258 - Mapping filter: 'hiddenHttpMethodFilter' to: [/*]
2017-12-18 11:29:34,270  INFO FilterRegistrationBean:258 - Mapping filter: 'httpPutFormContentFilter' to: [/*]
2017-12-18 11:29:34,270  INFO FilterRegistrationBean:258 - Mapping filter: 'requestContextFilter' to: [/*]
2017-12-18 11:29:36,573  INFO RequestMappingHandlerAdapter:534 - Looking for @ControllerAdvice: org.springframework.boot.context.embedded.AnnotationConfigEmbeddedWebApplicationContext@757942a1: startup date [Mon Dec 18 11:29:27 CST 2017]; root of context hierarchy
2017-12-18 11:29:37,650  INFO RequestMappingHandlerMapping:543 - Mapped "{[/index]}" onto public java.lang.String com.wechat.shop.controller.UserController.index()
2017-12-18 11:29:37,652  INFO RequestMappingHandlerMapping:543 - Mapped "{[/login]}" onto public java.util.Map<java.lang.String, java.lang.Object> com.wechat.shop.controller.UserController.login(java.lang.String,java.lang.String,java.lang.Integer,java.lang.String,java.lang.String,java.lang.String,java.lang.String) throws java.lang.Exception
2017-12-18 11:29:37,653  INFO RequestMappingHandlerMapping:543 - Mapped "{[/queryReceivingAddressListById]}" onto public java.util.Map<java.lang.String, java.lang.Object> com.wechat.shop.controller.UserController.queryReceivingAddressListById(java.lang.String) throws java.lang.Exception
2017-12-18 11:29:37,653  INFO RequestMappingHandlerMapping:543 - Mapped "{[/addReceivingAddress]}" onto public java.util.Map<java.lang.String, java.lang.Object> com.wechat.shop.controller.UserController.addReceivingAddress(java.lang.String,java.lang.String,java.lang.String,java.lang.String,java.lang.String,java.lang.String,java.lang.String,java.lang.String,java.lang.String) throws java.lang.Exception
2017-12-18 11:29:37,690  INFO RequestMappingHandlerMapping:543 - Mapped "{[/setAddressStatusById]}" onto public java.util.Map<java.lang.String, java.lang.Object> com.wechat.shop.controller.UserController.setAddressStatusById(java.lang.String,java.lang.Long) throws java.lang.Exception
2017-12-18 11:29:37,690  INFO RequestMappingHandlerMapping:543 - Mapped "{[/delAddressStatusById]}" onto public java.util.Map<java.lang.String, java.lang.Object> com.wechat.shop.controller.UserController.delAddressStatusById(java.lang.String,java.lang.Long,java.lang.Integer) throws java.lang.Exception
2017-12-18 11:29:37,697  INFO RequestMappingHandlerMapping:543 - Mapped "{[/error]}" onto public org.springframework.http.ResponseEntity<java.util.Map<java.lang.String, java.lang.Object>> org.springframework.boot.autoconfigure.web.BasicErrorController.error(javax.servlet.http.HttpServletRequest)
2017-12-18 11:29:37,698  INFO RequestMappingHandlerMapping:543 - Mapped "{[/error],produces=[text/html]}" onto public org.springframework.web.servlet.ModelAndView org.springframework.boot.autoconfigure.web.BasicErrorController.errorHtml(javax.servlet.http.HttpServletRequest,javax.servlet.http.HttpServletResponse)
2017-12-18 11:29:38,647  INFO SimpleUrlHandlerMapping:354 - Mapped URL path [/webjars/**] onto handler of type [class org.springframework.web.servlet.resource.ResourceHttpRequestHandler]
2017-12-18 11:29:38,647  INFO SimpleUrlHandlerMapping:354 - Mapped URL path [/**] onto handler of type [class org.springframework.web.servlet.resource.ResourceHttpRequestHandler]
2017-12-18 11:29:39,380  INFO SimpleUrlHandlerMapping:354 - Mapped URL path [/**/favicon.ico] onto handler of type [class org.springframework.web.servlet.resource.ResourceHttpRequestHandler]
2017-12-18 11:29:43,137  INFO AnnotationMBeanExporter:431 - Registering beans for JMX exposure on startup
2017-12-18 11:29:43,276  INFO TomcatEmbeddedServletContainer:192 - Tomcat started on port(s): 8080 (http)
2017-12-18 11:29:43,286  INFO Application:57 - Started Application in 16.042 seconds (JVM running for 16.576)
2017-12-18 11:29:43,286 ERROR Application:25 - start
2017-12-18 14:20:04,452  INFO Application:48 - Starting Application on DESKTOP-MQEVQH2 with PID 7548 (D:\Workspace\WeChatShop_Java\target\classes started by lenovo in D:\Workspace\WeChatShop_Java)
2017-12-18 14:20:04,454  INFO Application:637 - No active profile set, falling back to default profiles: default
2017-12-18 14:20:04,600  INFO AnnotationConfigEmbeddedWebApplicationContext:582 - Refreshing org.springframework.boot.context.embedded.AnnotationConfigEmbeddedWebApplicationContext@757942a1: startup date [Mon Dec 18 14:20:04 CST 2017]; root of context hierarchy
2017-12-18 14:20:05,942  INFO Version:30 - HV000001: Hibernate Validator 5.3.4.Final
2017-12-18 14:20:06,965  INFO PostProcessorRegistrationDelegate$BeanPostProcessorChecker:325 - Bean 'org.springframework.boot.autoconfigure.validation.ValidationAutoConfiguration' of type [class org.springframework.boot.autoconfigure.validation.ValidationAutoConfiguration] is not eligible for getting processed by all BeanPostProcessors (for example: not eligible for auto-proxying)
2017-12-18 14:20:07,055  INFO PostProcessorRegistrationDelegate$BeanPostProcessorChecker:325 - Bean 'validator' of type [class org.springframework.validation.beanvalidation.LocalValidatorFactoryBean] is not eligible for getting processed by all BeanPostProcessors (for example: not eligible for auto-proxying)
2017-12-18 14:20:07,520  INFO PostProcessorRegistrationDelegate$BeanPostProcessorChecker:325 - Bean 'org.springframework.transaction.annotation.ProxyTransactionManagementConfiguration' of type [class org.springframework.transaction.annotation.ProxyTransactionManagementConfiguration$$EnhancerBySpringCGLIB$$ad09b533] is not eligible for getting processed by all BeanPostProcessors (for example: not eligible for auto-proxying)
2017-12-18 14:20:08,518  INFO TomcatEmbeddedServletContainer:89 - Tomcat initialized with port(s): 8080 (http)
2017-12-18 14:20:10,177  INFO ContextLoader:276 - Root WebApplicationContext: initialization completed in 5579 ms
2017-12-18 14:20:10,503  INFO ServletRegistrationBean:190 - Mapping servlet: 'dispatcherServlet' to [/]
2017-12-18 14:20:10,510  INFO FilterRegistrationBean:258 - Mapping filter: 'characterEncodingFilter' to: [/*]
2017-12-18 14:20:10,511  INFO FilterRegistrationBean:258 - Mapping filter: 'hiddenHttpMethodFilter' to: [/*]
2017-12-18 14:20:10,516  INFO FilterRegistrationBean:258 - Mapping filter: 'httpPutFormContentFilter' to: [/*]
2017-12-18 14:20:10,516  INFO FilterRegistrationBean:258 - Mapping filter: 'requestContextFilter' to: [/*]
2017-12-18 14:20:12,737  INFO RequestMappingHandlerAdapter:534 - Looking for @ControllerAdvice: org.springframework.boot.context.embedded.AnnotationConfigEmbeddedWebApplicationContext@757942a1: startup date [Mon Dec 18 14:20:04 CST 2017]; root of context hierarchy
2017-12-18 14:20:13,796  INFO RequestMappingHandlerMapping:543 - Mapped "{[/index]}" onto public java.lang.String com.wechat.shop.controller.UserController.index()
2017-12-18 14:20:13,798  INFO RequestMappingHandlerMapping:543 - Mapped "{[/login]}" onto public java.util.Map<java.lang.String, java.lang.Object> com.wechat.shop.controller.UserController.login(java.lang.String,java.lang.String,java.lang.Integer,java.lang.String,java.lang.String,java.lang.String,java.lang.String) throws java.lang.Exception
2017-12-18 14:20:13,799  INFO RequestMappingHandlerMapping:543 - Mapped "{[/delAddressStatusById]}" onto public java.util.Map<java.lang.String, java.lang.Object> com.wechat.shop.controller.UserController.delAddressStatusById(java.lang.String,java.lang.Long,java.lang.Integer) throws java.lang.Exception
2017-12-18 14:20:13,800  INFO RequestMappingHandlerMapping:543 - Mapped "{[/addReceivingAddress]}" onto public java.util.Map<java.lang.String, java.lang.Object> com.wechat.shop.controller.UserController.addReceivingAddress(java.lang.String,java.lang.String,java.lang.String,java.lang.String,java.lang.String,java.lang.String,java.lang.String,java.lang.String,java.lang.String) throws java.lang.Exception
2017-12-18 14:20:13,800  INFO RequestMappingHandlerMapping:543 - Mapped "{[/setAddressStatusById]}" onto public java.util.Map<java.lang.String, java.lang.Object> com.wechat.shop.controller.UserController.setAddressStatusById(java.lang.String,java.lang.Long) throws java.lang.Exception
2017-12-18 14:20:13,801  INFO RequestMappingHandlerMapping:543 - Mapped "{[/queryReceivingAddressListById]}" onto public java.util.Map<java.lang.String, java.lang.Object> com.wechat.shop.controller.UserController.queryReceivingAddressListById(java.lang.String) throws java.lang.Exception
2017-12-18 14:20:13,807  INFO RequestMappingHandlerMapping:543 - Mapped "{[/error]}" onto public org.springframework.http.ResponseEntity<java.util.Map<java.lang.String, java.lang.Object>> org.springframework.boot.autoconfigure.web.BasicErrorController.error(javax.servlet.http.HttpServletRequest)
2017-12-18 14:20:13,809  INFO RequestMappingHandlerMapping:543 - Mapped "{[/error],produces=[text/html]}" onto public org.springframework.web.servlet.ModelAndView org.springframework.boot.autoconfigure.web.BasicErrorController.errorHtml(javax.servlet.http.HttpServletRequest,javax.servlet.http.HttpServletResponse)
2017-12-18 14:20:14,789  INFO SimpleUrlHandlerMapping:354 - Mapped URL path [/webjars/**] onto handler of type [class org.springframework.web.servlet.resource.ResourceHttpRequestHandler]
2017-12-18 14:20:14,790  INFO SimpleUrlHandlerMapping:354 - Mapped URL path [/**] onto handler of type [class org.springframework.web.servlet.resource.ResourceHttpRequestHandler]
2017-12-18 14:20:15,523  INFO SimpleUrlHandlerMapping:354 - Mapped URL path [/**/favicon.ico] onto handler of type [class org.springframework.web.servlet.resource.ResourceHttpRequestHandler]
2017-12-18 14:20:19,295  INFO AnnotationMBeanExporter:431 - Registering beans for JMX exposure on startup
2017-12-18 14:20:19,389  INFO TomcatEmbeddedServletContainer:192 - Tomcat started on port(s): 8080 (http)
2017-12-18 14:20:19,399  INFO Application:57 - Started Application in 15.412 seconds (JVM running for 15.953)
2017-12-18 14:20:19,400  INFO Application:25 - ---!!!---项目启动成功---!!!---
2017-12-18 14:20:42,960  INFO DispatcherServlet:489 - FrameworkServlet 'dispatcherServlet': initialization started
2017-12-18 14:20:42,972  INFO DispatcherServlet:508 - FrameworkServlet 'dispatcherServlet': initialization completed in 12 ms
2017-12-18 14:21:50,137  INFO Application:48 - Starting Application on DESKTOP-MQEVQH2 with PID 15536 (D:\Workspace\WeChatShop_Java\target\classes started by lenovo in D:\Workspace\WeChatShop_Java)
2017-12-18 14:21:50,139  INFO Application:637 - No active profile set, falling back to default profiles: default
2017-12-18 14:21:50,280  INFO AnnotationConfigEmbeddedWebApplicationContext:582 - Refreshing org.springframework.boot.context.embedded.AnnotationConfigEmbeddedWebApplicationContext@757942a1: startup date [Mon Dec 18 14:21:50 CST 2017]; root of context hierarchy
2017-12-18 14:21:51,588  INFO Version:30 - HV000001: Hibernate Validator 5.3.4.Final
2017-12-18 14:21:52,558  INFO PostProcessorRegistrationDelegate$BeanPostProcessorChecker:325 - Bean 'org.springframework.boot.autoconfigure.validation.ValidationAutoConfiguration' of type [class org.springframework.boot.autoconfigure.validation.ValidationAutoConfiguration] is not eligible for getting processed by all BeanPostProcessors (for example: not eligible for auto-proxying)
2017-12-18 14:21:52,616  INFO PostProcessorRegistrationDelegate$BeanPostProcessorChecker:325 - Bean 'validator' of type [class org.springframework.validation.beanvalidation.LocalValidatorFactoryBean] is not eligible for getting processed by all BeanPostProcessors (for example: not eligible for auto-proxying)
2017-12-18 14:21:53,116  INFO PostProcessorRegistrationDelegate$BeanPostProcessorChecker:325 - Bean 'org.springframework.transaction.annotation.ProxyTransactionManagementConfiguration' of type [class org.springframework.transaction.annotation.ProxyTransactionManagementConfiguration$$EnhancerBySpringCGLIB$$ad09b533] is not eligible for getting processed by all BeanPostProcessors (for example: not eligible for auto-proxying)
2017-12-18 14:21:53,688  INFO TomcatEmbeddedServletContainer:89 - Tomcat initialized with port(s): 8080 (http)
2017-12-18 14:21:55,317  INFO ContextLoader:276 - Root WebApplicationContext: initialization completed in 5039 ms
2017-12-18 14:21:55,748  INFO ServletRegistrationBean:190 - Mapping servlet: 'dispatcherServlet' to [/]
2017-12-18 14:21:55,756  INFO FilterRegistrationBean:258 - Mapping filter: 'characterEncodingFilter' to: [/*]
2017-12-18 14:21:55,756  INFO FilterRegistrationBean:258 - Mapping filter: 'hiddenHttpMethodFilter' to: [/*]
2017-12-18 14:21:55,761  INFO FilterRegistrationBean:258 - Mapping filter: 'httpPutFormContentFilter' to: [/*]
2017-12-18 14:21:55,762  INFO FilterRegistrationBean:258 - Mapping filter: 'requestContextFilter' to: [/*]
2017-12-18 14:21:58,148  INFO RequestMappingHandlerAdapter:534 - Looking for @ControllerAdvice: org.springframework.boot.context.embedded.AnnotationConfigEmbeddedWebApplicationContext@757942a1: startup date [Mon Dec 18 14:21:50 CST 2017]; root of context hierarchy
2017-12-18 14:21:59,228  INFO RequestMappingHandlerMapping:543 - Mapped "{[/index]}" onto public java.lang.String com.wechat.shop.controller.UserController.index()
2017-12-18 14:21:59,230  INFO RequestMappingHandlerMapping:543 - Mapped "{[/setAddressStatusById]}" onto public java.util.Map<java.lang.String, java.lang.Object> com.wechat.shop.controller.UserController.setAddressStatusById(java.lang.String,java.lang.Long) throws java.lang.Exception
2017-12-18 14:21:59,276  INFO RequestMappingHandlerMapping:543 - Mapped "{[/addReceivingAddress]}" onto public java.util.Map<java.lang.String, java.lang.Object> com.wechat.shop.controller.UserController.addReceivingAddress(java.lang.String,java.lang.String,java.lang.String,java.lang.String,java.lang.String,java.lang.String,java.lang.String,java.lang.String,java.lang.String) throws java.lang.Exception
2017-12-18 14:21:59,277  INFO RequestMappingHandlerMapping:543 - Mapped "{[/delAddressStatusById]}" onto public java.util.Map<java.lang.String, java.lang.Object> com.wechat.shop.controller.UserController.delAddressStatusById(java.lang.String,java.lang.Long,java.lang.Integer) throws java.lang.Exception
2017-12-18 14:21:59,277  INFO RequestMappingHandlerMapping:543 - Mapped "{[/queryReceivingAddressListById]}" onto public java.util.Map<java.lang.String, java.lang.Object> com.wechat.shop.controller.UserController.queryReceivingAddressListById(java.lang.String) throws java.lang.Exception
2017-12-18 14:21:59,278  INFO RequestMappingHandlerMapping:543 - Mapped "{[/login]}" onto public java.util.Map<java.lang.String, java.lang.Object> com.wechat.shop.controller.UserController.login(java.lang.String,java.lang.String,java.lang.Integer,java.lang.String,java.lang.String,java.lang.String,java.lang.String) throws java.lang.Exception
2017-12-18 14:21:59,287  INFO RequestMappingHandlerMapping:543 - Mapped "{[/error]}" onto public org.springframework.http.ResponseEntity<java.util.Map<java.lang.String, java.lang.Object>> org.springframework.boot.autoconfigure.web.BasicErrorController.error(javax.servlet.http.HttpServletRequest)
2017-12-18 14:21:59,288  INFO RequestMappingHandlerMapping:543 - Mapped "{[/error],produces=[text/html]}" onto public org.springframework.web.servlet.ModelAndView org.springframework.boot.autoconfigure.web.BasicErrorController.errorHtml(javax.servlet.http.HttpServletRequest,javax.servlet.http.HttpServletResponse)
2017-12-18 14:22:00,226  INFO SimpleUrlHandlerMapping:354 - Mapped URL path [/webjars/**] onto handler of type [class org.springframework.web.servlet.resource.ResourceHttpRequestHandler]
2017-12-18 14:22:00,227  INFO SimpleUrlHandlerMapping:354 - Mapped URL path [/**] onto handler of type [class org.springframework.web.servlet.resource.ResourceHttpRequestHandler]
2017-12-18 14:22:00,987  INFO SimpleUrlHandlerMapping:354 - Mapped URL path [/**/favicon.ico] onto handler of type [class org.springframework.web.servlet.resource.ResourceHttpRequestHandler]
2017-12-18 14:22:04,648  INFO AnnotationMBeanExporter:431 - Registering beans for JMX exposure on startup
2017-12-18 14:22:04,785  INFO TomcatEmbeddedServletContainer:192 - Tomcat started on port(s): 8080 (http)
2017-12-18 14:22:04,792  INFO Application:57 - Started Application in 15.137 seconds (JVM running for 15.678)
2017-12-18 14:22:04,792  INFO Application:25 - ---!!!---项目启动成功---!!!---
2017-12-18 15:09:02,650  INFO DispatcherServlet:489 - FrameworkServlet 'dispatcherServlet': initialization started
2017-12-18 15:09:02,661  INFO DispatcherServlet:508 - FrameworkServlet 'dispatcherServlet': initialization completed in 11 ms
2017-12-18 15:09:45,297  INFO Application:48 - Starting Application on DESKTOP-MQEVQH2 with PID 20916 (D:\Workspace\WeChatShop_Java\target\classes started by lenovo in D:\Workspace\WeChatShop_Java)
2017-12-18 15:09:45,299  INFO Application:637 - No active profile set, falling back to default profiles: default
2017-12-18 15:09:45,444  INFO AnnotationConfigEmbeddedWebApplicationContext:582 - Refreshing org.springframework.boot.context.embedded.AnnotationConfigEmbeddedWebApplicationContext@757942a1: startup date [Mon Dec 18 15:09:45 CST 2017]; root of context hierarchy
2017-12-18 15:09:46,586  INFO Version:30 - HV000001: Hibernate Validator 5.3.4.Final
2017-12-18 15:09:47,787  INFO PostProcessorRegistrationDelegate$BeanPostProcessorChecker:325 - Bean 'org.springframework.boot.autoconfigure.validation.ValidationAutoConfiguration' of type [class org.springframework.boot.autoconfigure.validation.ValidationAutoConfiguration] is not eligible for getting processed by all BeanPostProcessors (for example: not eligible for auto-proxying)
2017-12-18 15:09:47,854  INFO PostProcessorRegistrationDelegate$BeanPostProcessorChecker:325 - Bean 'validator' of type [class org.springframework.validation.beanvalidation.LocalValidatorFactoryBean] is not eligible for getting processed by all BeanPostProcessors (for example: not eligible for auto-proxying)
2017-12-18 15:09:48,343  INFO PostProcessorRegistrationDelegate$BeanPostProcessorChecker:325 - Bean 'org.springframework.transaction.annotation.ProxyTransactionManagementConfiguration' of type [class org.springframework.transaction.annotation.ProxyTransactionManagementConfiguration$$EnhancerBySpringCGLIB$$ad09b533] is not eligible for getting processed by all BeanPostProcessors (for example: not eligible for auto-proxying)
2017-12-18 15:09:49,322  INFO TomcatEmbeddedServletContainer:89 - Tomcat initialized with port(s): 8080 (http)
2017-12-18 15:09:50,894  INFO ContextLoader:276 - Root WebApplicationContext: initialization completed in 5452 ms
2017-12-18 15:09:51,291  INFO ServletRegistrationBean:190 - Mapping servlet: 'dispatcherServlet' to [/]
2017-12-18 15:09:51,298  INFO FilterRegistrationBean:258 - Mapping filter: 'characterEncodingFilter' to: [/*]
2017-12-18 15:09:51,299  INFO FilterRegistrationBean:258 - Mapping filter: 'hiddenHttpMethodFilter' to: [/*]
2017-12-18 15:09:51,308  INFO FilterRegistrationBean:258 - Mapping filter: 'httpPutFormContentFilter' to: [/*]
2017-12-18 15:09:51,309  INFO FilterRegistrationBean:258 - Mapping filter: 'requestContextFilter' to: [/*]
2017-12-18 15:09:53,559  INFO RequestMappingHandlerAdapter:534 - Looking for @ControllerAdvice: org.springframework.boot.context.embedded.AnnotationConfigEmbeddedWebApplicationContext@757942a1: startup date [Mon Dec 18 15:09:45 CST 2017]; root of context hierarchy
2017-12-18 15:09:54,717  INFO RequestMappingHandlerMapping:543 - Mapped "{[/index]}" onto public java.lang.String com.wechat.shop.controller.UserController.index() throws java.lang.NullPointerException
2017-12-18 15:09:54,719  INFO RequestMappingHandlerMapping:543 - Mapped "{[/setAddressStatusById]}" onto public java.util.Map<java.lang.String, java.lang.Object> com.wechat.shop.controller.UserController.setAddressStatusById(java.lang.String,java.lang.Long) throws java.lang.Exception
2017-12-18 15:09:54,720  INFO RequestMappingHandlerMapping:543 - Mapped "{[/delAddressStatusById]}" onto public java.util.Map<java.lang.String, java.lang.Object> com.wechat.shop.controller.UserController.delAddressStatusById(java.lang.String,java.lang.Long,java.lang.Integer) throws java.lang.Exception
2017-12-18 15:09:54,720  INFO RequestMappingHandlerMapping:543 - Mapped "{[/queryReceivingAddressListById]}" onto public java.util.Map<java.lang.String, java.lang.Object> com.wechat.shop.controller.UserController.queryReceivingAddressListById(java.lang.String) throws java.lang.Exception
2017-12-18 15:09:54,721  INFO RequestMappingHandlerMapping:543 - Mapped "{[/addReceivingAddress]}" onto public java.util.Map<java.lang.String, java.lang.Object> com.wechat.shop.controller.UserController.addReceivingAddress(java.lang.String,java.lang.String,java.lang.String,java.lang.String,java.lang.String,java.lang.String,java.lang.String,java.lang.String,java.lang.String) throws java.lang.Exception
2017-12-18 15:09:54,737  INFO RequestMappingHandlerMapping:543 - Mapped "{[/login]}" onto public java.util.Map<java.lang.String, java.lang.Object> com.wechat.shop.controller.UserController.login(java.lang.String,java.lang.String,java.lang.Integer,java.lang.String,java.lang.String,java.lang.String,java.lang.String) throws java.lang.Exception
2017-12-18 15:09:54,743  INFO RequestMappingHandlerMapping:543 - Mapped "{[/error]}" onto public org.springframework.http.ResponseEntity<java.util.Map<java.lang.String, java.lang.Object>> org.springframework.boot.autoconfigure.web.BasicErrorController.error(javax.servlet.http.HttpServletRequest)
2017-12-18 15:09:54,744  INFO RequestMappingHandlerMapping:543 - Mapped "{[/error],produces=[text/html]}" onto public org.springframework.web.servlet.ModelAndView org.springframework.boot.autoconfigure.web.BasicErrorController.errorHtml(javax.servlet.http.HttpServletRequest,javax.servlet.http.HttpServletResponse)
2017-12-18 15:09:55,727  INFO SimpleUrlHandlerMapping:354 - Mapped URL path [/webjars/**] onto handler of type [class org.springframework.web.servlet.resource.ResourceHttpRequestHandler]
2017-12-18 15:09:55,727  INFO SimpleUrlHandlerMapping:354 - Mapped URL path [/**] onto handler of type [class org.springframework.web.servlet.resource.ResourceHttpRequestHandler]
2017-12-18 15:09:56,465  INFO SimpleUrlHandlerMapping:354 - Mapped URL path [/**/favicon.ico] onto handler of type [class org.springframework.web.servlet.resource.ResourceHttpRequestHandler]
2017-12-18 15:10:00,077  INFO AnnotationMBeanExporter:431 - Registering beans for JMX exposure on startup
2017-12-18 15:10:00,208  INFO TomcatEmbeddedServletContainer:192 - Tomcat started on port(s): 8080 (http)
2017-12-18 15:10:01,132  INFO Application:57 - Started Application in 16.413 seconds (JVM running for 16.934)
2017-12-18 15:10:01,133  INFO Application:25 - ---!!!---项目启动成功---!!!---
2017-12-18 15:10:25,166  INFO DispatcherServlet:489 - FrameworkServlet 'dispatcherServlet': initialization started
2017-12-18 15:10:25,178  INFO DispatcherServlet:508 - FrameworkServlet 'dispatcherServlet': initialization completed in 12 ms
2017-12-18 15:16:18,687  INFO Application:48 - Starting Application on DESKTOP-MQEVQH2 with PID 14548 (D:\Workspace\WeChatShop_Java\target\classes started by lenovo in D:\Workspace\WeChatShop_Java)
2017-12-18 15:16:18,688  INFO Application:637 - No active profile set, falling back to default profiles: default
2017-12-18 15:16:18,930  INFO AnnotationConfigEmbeddedWebApplicationContext:582 - Refreshing org.springframework.boot.context.embedded.AnnotationConfigEmbeddedWebApplicationContext@757942a1: startup date [Mon Dec 18 15:16:18 CST 2017]; root of context hierarchy
2017-12-18 15:16:20,107  INFO Version:30 - HV000001: Hibernate Validator 5.3.4.Final
2017-12-18 15:16:21,195  INFO PostProcessorRegistrationDelegate$BeanPostProcessorChecker:325 - Bean 'org.springframework.boot.autoconfigure.validation.ValidationAutoConfiguration' of type [class org.springframework.boot.autoconfigure.validation.ValidationAutoConfiguration] is not eligible for getting processed by all BeanPostProcessors (for example: not eligible for auto-proxying)
2017-12-18 15:16:21,282  INFO PostProcessorRegistrationDelegate$BeanPostProcessorChecker:325 - Bean 'validator' of type [class org.springframework.validation.beanvalidation.LocalValidatorFactoryBean] is not eligible for getting processed by all BeanPostProcessors (for example: not eligible for auto-proxying)
2017-12-18 15:16:21,763  INFO PostProcessorRegistrationDelegate$BeanPostProcessorChecker:325 - Bean 'org.springframework.transaction.annotation.ProxyTransactionManagementConfiguration' of type [class org.springframework.transaction.annotation.ProxyTransactionManagementConfiguration$$EnhancerBySpringCGLIB$$5c141416] is not eligible for getting processed by all BeanPostProcessors (for example: not eligible for auto-proxying)
2017-12-18 15:16:22,288  INFO TomcatEmbeddedServletContainer:89 - Tomcat initialized with port(s): 8080 (http)
2017-12-18 15:16:23,949  INFO ContextLoader:276 - Root WebApplicationContext: initialization completed in 5021 ms
2017-12-18 15:16:24,297  INFO ServletRegistrationBean:190 - Mapping servlet: 'dispatcherServlet' to [/]
2017-12-18 15:16:24,304  INFO FilterRegistrationBean:258 - Mapping filter: 'characterEncodingFilter' to: [/*]
2017-12-18 15:16:24,305  INFO FilterRegistrationBean:258 - Mapping filter: 'hiddenHttpMethodFilter' to: [/*]
2017-12-18 15:16:24,310  INFO FilterRegistrationBean:258 - Mapping filter: 'httpPutFormContentFilter' to: [/*]
2017-12-18 15:16:24,310  INFO FilterRegistrationBean:258 - Mapping filter: 'requestContextFilter' to: [/*]
2017-12-18 15:16:26,695  INFO RequestMappingHandlerAdapter:534 - Looking for @ControllerAdvice: org.springframework.boot.context.embedded.AnnotationConfigEmbeddedWebApplicationContext@757942a1: startup date [Mon Dec 18 15:16:18 CST 2017]; root of context hierarchy
2017-12-18 15:16:27,793  INFO RequestMappingHandlerMapping:543 - Mapped "{[/index]}" onto public java.lang.String com.wechat.shop.controller.UserController.index() throws java.lang.NullPointerException
2017-12-18 15:16:27,796  INFO RequestMappingHandlerMapping:543 - Mapped "{[/addReceivingAddress]}" onto public java.util.Map<java.lang.String, java.lang.Object> com.wechat.shop.controller.UserController.addReceivingAddress(java.lang.String,java.lang.String,java.lang.String,java.lang.String,java.lang.String,java.lang.String,java.lang.String,java.lang.String,java.lang.String) throws java.lang.Exception
2017-12-18 15:16:27,796  INFO RequestMappingHandlerMapping:543 - Mapped "{[/setAddressStatusById]}" onto public java.util.Map<java.lang.String, java.lang.Object> com.wechat.shop.controller.UserController.setAddressStatusById(java.lang.String,java.lang.Long) throws java.lang.Exception
2017-12-18 15:16:27,796  INFO RequestMappingHandlerMapping:543 - Mapped "{[/delAddressStatusById]}" onto public java.util.Map<java.lang.String, java.lang.Object> com.wechat.shop.controller.UserController.delAddressStatusById(java.lang.String,java.lang.Long,java.lang.Integer) throws java.lang.Exception
2017-12-18 15:16:27,797  INFO RequestMappingHandlerMapping:543 - Mapped "{[/queryReceivingAddressListById]}" onto public java.util.Map<java.lang.String, java.lang.Object> com.wechat.shop.controller.UserController.queryReceivingAddressListById(java.lang.String) throws java.lang.Exception
2017-12-18 15:16:27,797  INFO RequestMappingHandlerMapping:543 - Mapped "{[/login]}" onto public java.util.Map<java.lang.String, java.lang.Object> com.wechat.shop.controller.UserController.login(java.lang.String,java.lang.String,java.lang.Integer,java.lang.String,java.lang.String,java.lang.String,java.lang.String) throws java.lang.Exception
2017-12-18 15:16:27,804  INFO RequestMappingHandlerMapping:543 - Mapped "{[/error]}" onto public org.springframework.http.ResponseEntity<java.util.Map<java.lang.String, java.lang.Object>> org.springframework.boot.autoconfigure.web.BasicErrorController.error(javax.servlet.http.HttpServletRequest)
2017-12-18 15:16:27,805  INFO RequestMappingHandlerMapping:543 - Mapped "{[/error],produces=[text/html]}" onto public org.springframework.web.servlet.ModelAndView org.springframework.boot.autoconfigure.web.BasicErrorController.errorHtml(javax.servlet.http.HttpServletRequest,javax.servlet.http.HttpServletResponse)
2017-12-18 15:16:27,927  INFO SimpleUrlHandlerMapping:354 - Mapped URL path [/webjars/**] onto handler of type [class org.springframework.web.servlet.resource.ResourceHttpRequestHandler]
2017-12-18 15:16:27,928  INFO SimpleUrlHandlerMapping:354 - Mapped URL path [/**] onto handler of type [class org.springframework.web.servlet.resource.ResourceHttpRequestHandler]
2017-12-18 15:16:28,664  INFO ExceptionHandlerExceptionResolver:273 - Detected @ExceptionHandler methods in errorController
2017-12-18 15:16:28,680  INFO SimpleUrlHandlerMapping:354 - Mapped URL path [/**/favicon.ico] onto handler of type [class org.springframework.web.servlet.resource.ResourceHttpRequestHandler]
2017-12-18 15:16:32,398  INFO AnnotationMBeanExporter:431 - Registering beans for JMX exposure on startup
2017-12-18 15:16:32,539  INFO TomcatEmbeddedServletContainer:192 - Tomcat started on port(s): 8080 (http)
2017-12-18 15:16:32,546  INFO Application:57 - Started Application in 14.39 seconds (JVM running for 14.958)
2017-12-18 15:16:32,546  INFO Application:25 - ---!!!---项目启动成功---!!!---
2017-12-18 15:16:36,542  INFO DispatcherServlet:489 - FrameworkServlet 'dispatcherServlet': initialization started
2017-12-18 15:16:36,558  INFO DispatcherServlet:508 - FrameworkServlet 'dispatcherServlet': initialization completed in 16 ms
2017-12-18 15:16:36,580 ERROR ErrorController:28 - ---!!!---出现异常处理ErrorController中返回error: code-0007 message: 服务器异常---!!!---
2017-12-18 15:20:29,763  INFO Application:48 - Starting Application on DESKTOP-MQEVQH2 with PID 13164 (D:\Workspace\WeChatShop_Java\target\classes started by lenovo in D:\Workspace\WeChatShop_Java)
2017-12-18 15:20:29,765  INFO Application:637 - No active profile set, falling back to default profiles: default
2017-12-18 15:20:29,916  INFO AnnotationConfigEmbeddedWebApplicationContext:582 - Refreshing org.springframework.boot.context.embedded.AnnotationConfigEmbeddedWebApplicationContext@757942a1: startup date [Mon Dec 18 15:20:29 CST 2017]; root of context hierarchy
2017-12-18 15:20:31,335  INFO Version:30 - HV000001: Hibernate Validator 5.3.4.Final
2017-12-18 15:20:32,370  INFO PostProcessorRegistrationDelegate$BeanPostProcessorChecker:325 - Bean 'org.springframework.boot.autoconfigure.validation.ValidationAutoConfiguration' of type [class org.springframework.boot.autoconfigure.validation.ValidationAutoConfiguration] is not eligible for getting processed by all BeanPostProcessors (for example: not eligible for auto-proxying)
2017-12-18 15:20:32,445  INFO PostProcessorRegistrationDelegate$BeanPostProcessorChecker:325 - Bean 'validator' of type [class org.springframework.validation.beanvalidation.LocalValidatorFactoryBean] is not eligible for getting processed by all BeanPostProcessors (for example: not eligible for auto-proxying)
2017-12-18 15:20:32,923  INFO PostProcessorRegistrationDelegate$BeanPostProcessorChecker:325 - Bean 'org.springframework.transaction.annotation.ProxyTransactionManagementConfiguration' of type [class org.springframework.transaction.annotation.ProxyTransactionManagementConfiguration$$EnhancerBySpringCGLIB$$5c141416] is not eligible for getting processed by all BeanPostProcessors (for example: not eligible for auto-proxying)
2017-12-18 15:20:33,947  INFO TomcatEmbeddedServletContainer:89 - Tomcat initialized with port(s): 8080 (http)
2017-12-18 15:20:35,593  INFO ContextLoader:276 - Root WebApplicationContext: initialization completed in 5680 ms
2017-12-18 15:20:35,971  INFO ServletRegistrationBean:190 - Mapping servlet: 'dispatcherServlet' to [/]
2017-12-18 15:20:35,979  INFO FilterRegistrationBean:258 - Mapping filter: 'characterEncodingFilter' to: [/*]
2017-12-18 15:20:35,979  INFO FilterRegistrationBean:258 - Mapping filter: 'hiddenHttpMethodFilter' to: [/*]
2017-12-18 15:20:35,985  INFO FilterRegistrationBean:258 - Mapping filter: 'httpPutFormContentFilter' to: [/*]
2017-12-18 15:20:35,985  INFO FilterRegistrationBean:258 - Mapping filter: 'requestContextFilter' to: [/*]
2017-12-18 15:20:38,226  INFO RequestMappingHandlerAdapter:534 - Looking for @ControllerAdvice: org.springframework.boot.context.embedded.AnnotationConfigEmbeddedWebApplicationContext@757942a1: startup date [Mon Dec 18 15:20:29 CST 2017]; root of context hierarchy
2017-12-18 15:20:39,345  INFO RequestMappingHandlerMapping:543 - Mapped "{[/index]}" onto public java.lang.String com.wechat.shop.controller.UserController.index() throws java.lang.NullPointerException
2017-12-18 15:20:39,385  INFO RequestMappingHandlerMapping:543 - Mapped "{[/login]}" onto public java.util.Map<java.lang.String, java.lang.Object> com.wechat.shop.controller.UserController.login(java.lang.String,java.lang.String,java.lang.Integer,java.lang.String,java.lang.String,java.lang.String,java.lang.String) throws java.lang.Exception
2017-12-18 15:20:39,386  INFO RequestMappingHandlerMapping:543 - Mapped "{[/addReceivingAddress]}" onto public java.util.Map<java.lang.String, java.lang.Object> com.wechat.shop.controller.UserController.addReceivingAddress(java.lang.String,java.lang.String,java.lang.String,java.lang.String,java.lang.String,java.lang.String,java.lang.String,java.lang.String,java.lang.String) throws java.lang.Exception
2017-12-18 15:20:39,386  INFO RequestMappingHandlerMapping:543 - Mapped "{[/queryReceivingAddressListById]}" onto public java.util.Map<java.lang.String, java.lang.Object> com.wechat.shop.controller.UserController.queryReceivingAddressListById(java.lang.String) throws java.lang.Exception
2017-12-18 15:20:39,387  INFO RequestMappingHandlerMapping:543 - Mapped "{[/setAddressStatusById]}" onto public java.util.Map<java.lang.String, java.lang.Object> com.wechat.shop.controller.UserController.setAddressStatusById(java.lang.String,java.lang.Long) throws java.lang.Exception
2017-12-18 15:20:39,387  INFO RequestMappingHandlerMapping:543 - Mapped "{[/delAddressStatusById]}" onto public java.util.Map<java.lang.String, java.lang.Object> com.wechat.shop.controller.UserController.delAddressStatusById(java.lang.String,java.lang.Long,java.lang.Integer) throws java.lang.Exception
2017-12-18 15:20:39,392  INFO RequestMappingHandlerMapping:543 - Mapped "{[/error]}" onto public org.springframework.http.ResponseEntity<java.util.Map<java.lang.String, java.lang.Object>> org.springframework.boot.autoconfigure.web.BasicErrorController.error(javax.servlet.http.HttpServletRequest)
2017-12-18 15:20:39,393  INFO RequestMappingHandlerMapping:543 - Mapped "{[/error],produces=[text/html]}" onto public org.springframework.web.servlet.ModelAndView org.springframework.boot.autoconfigure.web.BasicErrorController.errorHtml(javax.servlet.http.HttpServletRequest,javax.servlet.http.HttpServletResponse)
2017-12-18 15:20:39,521  INFO SimpleUrlHandlerMapping:354 - Mapped URL path [/webjars/**] onto handler of type [class org.springframework.web.servlet.resource.ResourceHttpRequestHandler]
2017-12-18 15:20:39,521  INFO SimpleUrlHandlerMapping:354 - Mapped URL path [/**] onto handler of type [class org.springframework.web.servlet.resource.ResourceHttpRequestHandler]
2017-12-18 15:20:40,189  INFO ExceptionHandlerExceptionResolver:273 - Detected @ExceptionHandler methods in errorController
2017-12-18 15:20:40,242  INFO SimpleUrlHandlerMapping:354 - Mapped URL path [/**/favicon.ico] onto handler of type [class org.springframework.web.servlet.resource.ResourceHttpRequestHandler]
2017-12-18 15:20:43,806  INFO AnnotationMBeanExporter:431 - Registering beans for JMX exposure on startup
2017-12-18 15:20:43,938  INFO TomcatEmbeddedServletContainer:192 - Tomcat started on port(s): 8080 (http)
2017-12-18 15:20:43,943  INFO Application:57 - Started Application in 14.691 seconds (JVM running for 15.276)
2017-12-18 15:20:43,944  INFO Application:25 - ---!!!---项目启动成功---!!!---
2017-12-18 15:20:47,983  INFO DispatcherServlet:489 - FrameworkServlet 'dispatcherServlet': initialization started
2017-12-18 15:20:48,000  INFO DispatcherServlet:508 - FrameworkServlet 'dispatcherServlet': initialization completed in 16 ms
2017-12-18 15:21:46,784  INFO Application:48 - Starting Application on DESKTOP-MQEVQH2 with PID 11024 (D:\Workspace\WeChatShop_Java\target\classes started by lenovo in D:\Workspace\WeChatShop_Java)
2017-12-18 15:21:46,785  INFO Application:637 - No active profile set, falling back to default profiles: default
2017-12-18 15:21:46,923  INFO AnnotationConfigEmbeddedWebApplicationContext:582 - Refreshing org.springframework.boot.context.embedded.AnnotationConfigEmbeddedWebApplicationContext@757942a1: startup date [Mon Dec 18 15:21:46 CST 2017]; root of context hierarchy
2017-12-18 15:21:48,301  INFO Version:30 - HV000001: Hibernate Validator 5.3.4.Final
2017-12-18 15:21:49,275  INFO PostProcessorRegistrationDelegate$BeanPostProcessorChecker:325 - Bean 'org.springframework.boot.autoconfigure.validation.ValidationAutoConfiguration' of type [class org.springframework.boot.autoconfigure.validation.ValidationAutoConfiguration] is not eligible for getting processed by all BeanPostProcessors (for example: not eligible for auto-proxying)
2017-12-18 15:21:49,342  INFO PostProcessorRegistrationDelegate$BeanPostProcessorChecker:325 - Bean 'validator' of type [class org.springframework.validation.beanvalidation.LocalValidatorFactoryBean] is not eligible for getting processed by all BeanPostProcessors (for example: not eligible for auto-proxying)
2017-12-18 15:21:49,805  INFO PostProcessorRegistrationDelegate$BeanPostProcessorChecker:325 - Bean 'org.springframework.transaction.annotation.ProxyTransactionManagementConfiguration' of type [class org.springframework.transaction.annotation.ProxyTransactionManagementConfiguration$$EnhancerBySpringCGLIB$$bcf84ab9] is not eligible for getting processed by all BeanPostProcessors (for example: not eligible for auto-proxying)
2017-12-18 15:21:50,797  INFO TomcatEmbeddedServletContainer:89 - Tomcat initialized with port(s): 8080 (http)
2017-12-18 15:21:52,446  INFO ContextLoader:276 - Root WebApplicationContext: initialization completed in 5525 ms
2017-12-18 15:21:52,771  INFO ServletRegistrationBean:190 - Mapping servlet: 'dispatcherServlet' to [/]
2017-12-18 15:21:52,778  INFO FilterRegistrationBean:258 - Mapping filter: 'characterEncodingFilter' to: [/*]
2017-12-18 15:21:52,778  INFO FilterRegistrationBean:258 - Mapping filter: 'hiddenHttpMethodFilter' to: [/*]
2017-12-18 15:21:52,784  INFO FilterRegistrationBean:258 - Mapping filter: 'httpPutFormContentFilter' to: [/*]
2017-12-18 15:21:52,784  INFO FilterRegistrationBean:258 - Mapping filter: 'requestContextFilter' to: [/*]
2017-12-18 15:21:55,252  INFO RequestMappingHandlerAdapter:534 - Looking for @ControllerAdvice: org.springframework.boot.context.embedded.AnnotationConfigEmbeddedWebApplicationContext@757942a1: startup date [Mon Dec 18 15:21:46 CST 2017]; root of context hierarchy
2017-12-18 15:21:56,331  INFO RequestMappingHandlerMapping:543 - Mapped "{[/index]}" onto public java.lang.String com.wechat.shop.controller.UserController.index() throws java.lang.NullPointerException
2017-12-18 15:21:56,333  INFO RequestMappingHandlerMapping:543 - Mapped "{[/addReceivingAddress]}" onto public java.util.Map<java.lang.String, java.lang.Object> com.wechat.shop.controller.UserController.addReceivingAddress(java.lang.String,java.lang.String,java.lang.String,java.lang.String,java.lang.String,java.lang.String,java.lang.String,java.lang.String,java.lang.String) throws java.lang.Exception
2017-12-18 15:21:56,334  INFO RequestMappingHandlerMapping:543 - Mapped "{[/queryReceivingAddressListById]}" onto public java.util.Map<java.lang.String, java.lang.Object> com.wechat.shop.controller.UserController.queryReceivingAddressListById(java.lang.String) throws java.lang.Exception
2017-12-18 15:21:56,364  INFO RequestMappingHandlerMapping:543 - Mapped "{[/setAddressStatusById]}" onto public java.util.Map<java.lang.String, java.lang.Object> com.wechat.shop.controller.UserController.setAddressStatusById(java.lang.String,java.lang.Long) throws java.lang.Exception
2017-12-18 15:21:56,364  INFO RequestMappingHandlerMapping:543 - Mapped "{[/delAddressStatusById]}" onto public java.util.Map<java.lang.String, java.lang.Object> com.wechat.shop.controller.UserController.delAddressStatusById(java.lang.String,java.lang.Long,java.lang.Integer) throws java.lang.Exception
2017-12-18 15:21:56,364  INFO RequestMappingHandlerMapping:543 - Mapped "{[/login]}" onto public java.util.Map<java.lang.String, java.lang.Object> com.wechat.shop.controller.UserController.login(java.lang.String,java.lang.String,java.lang.Integer,java.lang.String,java.lang.String,java.lang.String,java.lang.String) throws java.lang.Exception
2017-12-18 15:21:56,370  INFO RequestMappingHandlerMapping:543 - Mapped "{[/error]}" onto public org.springframework.http.ResponseEntity<java.util.Map<java.lang.String, java.lang.Object>> org.springframework.boot.autoconfigure.web.BasicErrorController.error(javax.servlet.http.HttpServletRequest)
2017-12-18 15:21:56,371  INFO RequestMappingHandlerMapping:543 - Mapped "{[/error],produces=[text/html]}" onto public org.springframework.web.servlet.ModelAndView org.springframework.boot.autoconfigure.web.BasicErrorController.errorHtml(javax.servlet.http.HttpServletRequest,javax.servlet.http.HttpServletResponse)
2017-12-18 15:21:56,504  INFO SimpleUrlHandlerMapping:354 - Mapped URL path [/webjars/**] onto handler of type [class org.springframework.web.servlet.resource.ResourceHttpRequestHandler]
2017-12-18 15:21:56,504  INFO SimpleUrlHandlerMapping:354 - Mapped URL path [/**] onto handler of type [class org.springframework.web.servlet.resource.ResourceHttpRequestHandler]
2017-12-18 15:21:57,167  INFO ExceptionHandlerExceptionResolver:273 - Detected @ExceptionHandler methods in errorController
2017-12-18 15:21:57,235  INFO SimpleUrlHandlerMapping:354 - Mapped URL path [/**/favicon.ico] onto handler of type [class org.springframework.web.servlet.resource.ResourceHttpRequestHandler]
2017-12-18 15:22:01,104  INFO AnnotationMBeanExporter:431 - Registering beans for JMX exposure on startup
2017-12-18 15:22:01,235  INFO TomcatEmbeddedServletContainer:192 - Tomcat started on port(s): 8080 (http)
2017-12-18 15:22:01,242  INFO Application:57 - Started Application in 14.918 seconds (JVM running for 15.452)
2017-12-18 15:22:01,243  INFO Application:25 - ---!!!---项目启动成功---!!!---
2017-12-18 15:22:05,098  INFO DispatcherServlet:489 - FrameworkServlet 'dispatcherServlet': initialization started
2017-12-18 15:22:05,144  INFO DispatcherServlet:508 - FrameworkServlet 'dispatcherServlet': initialization completed in 45 ms
2017-12-18 15:24:46,659  INFO Application:48 - Starting Application on DESKTOP-MQEVQH2 with PID 19108 (D:\Workspace\WeChatShop_Java\target\classes started by lenovo in D:\Workspace\WeChatShop_Java)
2017-12-18 15:24:46,661  INFO Application:637 - No active profile set, falling back to default profiles: default
2017-12-18 15:24:46,807  INFO AnnotationConfigEmbeddedWebApplicationContext:582 - Refreshing org.springframework.boot.context.embedded.AnnotationConfigEmbeddedWebApplicationContext@757942a1: startup date [Mon Dec 18 15:24:46 CST 2017]; root of context hierarchy
2017-12-18 15:24:48,006  INFO Version:30 - HV000001: Hibernate Validator 5.3.4.Final
2017-12-18 15:24:49,187  INFO PostProcessorRegistrationDelegate$BeanPostProcessorChecker:325 - Bean 'org.springframework.boot.autoconfigure.validation.ValidationAutoConfiguration' of type [class org.springframework.boot.autoconfigure.validation.ValidationAutoConfiguration] is not eligible for getting processed by all BeanPostProcessors (for example: not eligible for auto-proxying)
2017-12-18 15:24:49,279  INFO PostProcessorRegistrationDelegate$BeanPostProcessorChecker:325 - Bean 'validator' of type [class org.springframework.validation.beanvalidation.LocalValidatorFactoryBean] is not eligible for getting processed by all BeanPostProcessors (for example: not eligible for auto-proxying)
2017-12-18 15:24:49,768  INFO PostProcessorRegistrationDelegate$BeanPostProcessorChecker:325 - Bean 'org.springframework.transaction.annotation.ProxyTransactionManagementConfiguration' of type [class org.springframework.transaction.annotation.ProxyTransactionManagementConfiguration$$EnhancerBySpringCGLIB$$5c141416] is not eligible for getting processed by all BeanPostProcessors (for example: not eligible for auto-proxying)
2017-12-18 15:24:50,670  INFO TomcatEmbeddedServletContainer:89 - Tomcat initialized with port(s): 8080 (http)
2017-12-18 15:24:52,314  INFO ContextLoader:276 - Root WebApplicationContext: initialization completed in 5509 ms
2017-12-18 15:24:52,640  INFO ServletRegistrationBean:190 - Mapping servlet: 'dispatcherServlet' to [/]
2017-12-18 15:24:52,647  INFO FilterRegistrationBean:258 - Mapping filter: 'characterEncodingFilter' to: [/*]
2017-12-18 15:24:52,647  INFO FilterRegistrationBean:258 - Mapping filter: 'hiddenHttpMethodFilter' to: [/*]
2017-12-18 15:24:52,653  INFO FilterRegistrationBean:258 - Mapping filter: 'httpPutFormContentFilter' to: [/*]
2017-12-18 15:24:52,653  INFO FilterRegistrationBean:258 - Mapping filter: 'requestContextFilter' to: [/*]
2017-12-18 15:24:54,927  INFO RequestMappingHandlerAdapter:534 - Looking for @ControllerAdvice: org.springframework.boot.context.embedded.AnnotationConfigEmbeddedWebApplicationContext@757942a1: startup date [Mon Dec 18 15:24:46 CST 2017]; root of context hierarchy
2017-12-18 15:24:55,984  INFO RequestMappingHandlerMapping:543 - Mapped "{[/index]}" onto public java.lang.String com.wechat.shop.controller.UserController.index() throws java.lang.NullPointerException
2017-12-18 15:24:55,986  INFO RequestMappingHandlerMapping:543 - Mapped "{[/setAddressStatusById]}" onto public java.util.Map<java.lang.String, java.lang.Object> com.wechat.shop.controller.UserController.setAddressStatusById(java.lang.String,java.lang.Long) throws java.lang.Exception
2017-12-18 15:24:55,986  INFO RequestMappingHandlerMapping:543 - Mapped "{[/delAddressStatusById]}" onto public java.util.Map<java.lang.String, java.lang.Object> com.wechat.shop.controller.UserController.delAddressStatusById(java.lang.String,java.lang.Long,java.lang.Integer) throws java.lang.Exception
2017-12-18 15:24:55,987  INFO RequestMappingHandlerMapping:543 - Mapped "{[/queryReceivingAddressListById]}" onto public java.util.Map<java.lang.String, java.lang.Object> com.wechat.shop.controller.UserController.queryReceivingAddressListById(java.lang.String) throws java.lang.Exception
2017-12-18 15:24:55,987  INFO RequestMappingHandlerMapping:543 - Mapped "{[/addReceivingAddress]}" onto public java.util.Map<java.lang.String, java.lang.Object> com.wechat.shop.controller.UserController.addReceivingAddress(java.lang.String,java.lang.String,java.lang.String,java.lang.String,java.lang.String,java.lang.String,java.lang.String,java.lang.String,java.lang.String) throws java.lang.Exception
2017-12-18 15:24:56,023  INFO RequestMappingHandlerMapping:543 - Mapped "{[/login]}" onto public java.util.Map<java.lang.String, java.lang.Object> com.wechat.shop.controller.UserController.login(java.lang.String,java.lang.String,java.lang.Integer,java.lang.String,java.lang.String,java.lang.String,java.lang.String) throws java.lang.Exception
2017-12-18 15:24:56,028  INFO RequestMappingHandlerMapping:543 - Mapped "{[/error]}" onto public org.springframework.http.ResponseEntity<java.util.Map<java.lang.String, java.lang.Object>> org.springframework.boot.autoconfigure.web.BasicErrorController.error(javax.servlet.http.HttpServletRequest)
2017-12-18 15:24:56,029  INFO RequestMappingHandlerMapping:543 - Mapped "{[/error],produces=[text/html]}" onto public org.springframework.web.servlet.ModelAndView org.springframework.boot.autoconfigure.web.BasicErrorController.errorHtml(javax.servlet.http.HttpServletRequest,javax.servlet.http.HttpServletResponse)
2017-12-18 15:24:56,157  INFO SimpleUrlHandlerMapping:354 - Mapped URL path [/webjars/**] onto handler of type [class org.springframework.web.servlet.resource.ResourceHttpRequestHandler]
2017-12-18 15:24:56,157  INFO SimpleUrlHandlerMapping:354 - Mapped URL path [/**] onto handler of type [class org.springframework.web.servlet.resource.ResourceHttpRequestHandler]
2017-12-18 15:24:56,817  INFO ExceptionHandlerExceptionResolver:273 - Detected @ExceptionHandler methods in errorController
2017-12-18 15:24:56,872  INFO SimpleUrlHandlerMapping:354 - Mapped URL path [/**/favicon.ico] onto handler of type [class org.springframework.web.servlet.resource.ResourceHttpRequestHandler]
2017-12-18 15:25:00,489  INFO AnnotationMBeanExporter:431 - Registering beans for JMX exposure on startup
2017-12-18 15:25:00,627  INFO TomcatEmbeddedServletContainer:192 - Tomcat started on port(s): 8080 (http)
2017-12-18 15:25:00,632  INFO Application:57 - Started Application in 14.464 seconds (JVM running for 15.001)
2017-12-18 15:25:00,633  INFO Application:25 - ---!!!---项目启动成功---!!!---
2017-12-18 15:25:40,238  INFO DispatcherServlet:489 - FrameworkServlet 'dispatcherServlet': initialization started
2017-12-18 15:25:40,252  INFO DispatcherServlet:508 - FrameworkServlet 'dispatcherServlet': initialization completed in 14 ms
2017-12-18 15:26:52,353  INFO Application:48 - Starting Application on DESKTOP-MQEVQH2 with PID 17336 (D:\Workspace\WeChatShop_Java\target\classes started by lenovo in D:\Workspace\WeChatShop_Java)
2017-12-18 15:26:52,356  INFO Application:637 - No active profile set, falling back to default profiles: default
2017-12-18 15:26:52,509  INFO AnnotationConfigEmbeddedWebApplicationContext:582 - Refreshing org.springframework.boot.context.embedded.AnnotationConfigEmbeddedWebApplicationContext@757942a1: startup date [Mon Dec 18 15:26:52 CST 2017]; root of context hierarchy
2017-12-18 15:26:53,801  INFO Version:30 - HV000001: Hibernate Validator 5.3.4.Final
2017-12-18 15:26:54,910  INFO PostProcessorRegistrationDelegate$BeanPostProcessorChecker:325 - Bean 'org.springframework.boot.autoconfigure.validation.ValidationAutoConfiguration' of type [class org.springframework.boot.autoconfigure.validation.ValidationAutoConfiguration] is not eligible for getting processed by all BeanPostProcessors (for example: not eligible for auto-proxying)
2017-12-18 15:26:54,966  INFO PostProcessorRegistrationDelegate$BeanPostProcessorChecker:325 - Bean 'validator' of type [class org.springframework.validation.beanvalidation.LocalValidatorFactoryBean] is not eligible for getting processed by all BeanPostProcessors (for example: not eligible for auto-proxying)
2017-12-18 15:26:55,435  INFO PostProcessorRegistrationDelegate$BeanPostProcessorChecker:325 - Bean 'org.springframework.transaction.annotation.ProxyTransactionManagementConfiguration' of type [class org.springframework.transaction.annotation.ProxyTransactionManagementConfiguration$$EnhancerBySpringCGLIB$$5c141416] is not eligible for getting processed by all BeanPostProcessors (for example: not eligible for auto-proxying)
2017-12-18 15:26:56,340  INFO TomcatEmbeddedServletContainer:89 - Tomcat initialized with port(s): 8080 (http)
2017-12-18 15:26:57,994  INFO ContextLoader:276 - Root WebApplicationContext: initialization completed in 5487 ms
2017-12-18 15:26:58,327  INFO ServletRegistrationBean:190 - Mapping servlet: 'dispatcherServlet' to [/]
2017-12-18 15:26:58,334  INFO FilterRegistrationBean:258 - Mapping filter: 'characterEncodingFilter' to: [/*]
2017-12-18 15:26:58,334  INFO FilterRegistrationBean:258 - Mapping filter: 'hiddenHttpMethodFilter' to: [/*]
2017-12-18 15:26:58,340  INFO FilterRegistrationBean:258 - Mapping filter: 'httpPutFormContentFilter' to: [/*]
2017-12-18 15:26:58,340  INFO FilterRegistrationBean:258 - Mapping filter: 'requestContextFilter' to: [/*]
2017-12-18 15:27:00,847  INFO RequestMappingHandlerAdapter:534 - Looking for @ControllerAdvice: org.springframework.boot.context.embedded.AnnotationConfigEmbeddedWebApplicationContext@757942a1: startup date [Mon Dec 18 15:26:52 CST 2017]; root of context hierarchy
2017-12-18 15:27:01,827  INFO RequestMappingHandlerMapping:543 - Mapped "{[/index]}" onto public java.lang.String com.wechat.shop.controller.UserController.index() throws java.lang.NullPointerException
2017-12-18 15:27:01,863  INFO RequestMappingHandlerMapping:543 - Mapped "{[/addReceivingAddress]}" onto public java.util.Map<java.lang.String, java.lang.Object> com.wechat.shop.controller.UserController.addReceivingAddress(java.lang.String,java.lang.String,java.lang.String,java.lang.String,java.lang.String,java.lang.String,java.lang.String,java.lang.String,java.lang.String) throws java.lang.Exception
2017-12-18 15:27:01,864  INFO RequestMappingHandlerMapping:543 - Mapped "{[/setAddressStatusById]}" onto public java.util.Map<java.lang.String, java.lang.Object> com.wechat.shop.controller.UserController.setAddressStatusById(java.lang.String,java.lang.Long) throws java.lang.Exception
2017-12-18 15:27:01,864  INFO RequestMappingHandlerMapping:543 - Mapped "{[/queryReceivingAddressListById]}" onto public java.util.Map<java.lang.String, java.lang.Object> com.wechat.shop.controller.UserController.queryReceivingAddressListById(java.lang.String) throws java.lang.Exception
2017-12-18 15:27:01,865  INFO RequestMappingHandlerMapping:543 - Mapped "{[/delAddressStatusById]}" onto public java.util.Map<java.lang.String, java.lang.Object> com.wechat.shop.controller.UserController.delAddressStatusById(java.lang.String,java.lang.Long,java.lang.Integer) throws java.lang.Exception
2017-12-18 15:27:01,865  INFO RequestMappingHandlerMapping:543 - Mapped "{[/login]}" onto public java.util.Map<java.lang.String, java.lang.Object> com.wechat.shop.controller.UserController.login(java.lang.String,java.lang.String,java.lang.Integer,java.lang.String,java.lang.String,java.lang.String,java.lang.String) throws java.lang.Exception
2017-12-18 15:27:01,870  INFO RequestMappingHandlerMapping:543 - Mapped "{[/error]}" onto public org.springframework.http.ResponseEntity<java.util.Map<java.lang.String, java.lang.Object>> org.springframework.boot.autoconfigure.web.BasicErrorController.error(javax.servlet.http.HttpServletRequest)
2017-12-18 15:27:01,871  INFO RequestMappingHandlerMapping:543 - Mapped "{[/error],produces=[text/html]}" onto public org.springframework.web.servlet.ModelAndView org.springframework.boot.autoconfigure.web.BasicErrorController.errorHtml(javax.servlet.http.HttpServletRequest,javax.servlet.http.HttpServletResponse)
2017-12-18 15:27:02,001  INFO SimpleUrlHandlerMapping:354 - Mapped URL path [/webjars/**] onto handler of type [class org.springframework.web.servlet.resource.ResourceHttpRequestHandler]
2017-12-18 15:27:02,001  INFO SimpleUrlHandlerMapping:354 - Mapped URL path [/**] onto handler of type [class org.springframework.web.servlet.resource.ResourceHttpRequestHandler]
2017-12-18 15:27:02,672  INFO ExceptionHandlerExceptionResolver:273 - Detected @ExceptionHandler methods in errorController
2017-12-18 15:27:02,729  INFO SimpleUrlHandlerMapping:354 - Mapped URL path [/**/favicon.ico] onto handler of type [class org.springframework.web.servlet.resource.ResourceHttpRequestHandler]
2017-12-18 15:27:06,618  INFO AnnotationMBeanExporter:431 - Registering beans for JMX exposure on startup
2017-12-18 15:27:06,754  INFO TomcatEmbeddedServletContainer:192 - Tomcat started on port(s): 8080 (http)
2017-12-18 15:27:06,761  INFO Application:57 - Started Application in 14.947 seconds (JVM running for 15.505)
2017-12-18 15:27:06,761  INFO Application:25 - ---!!!---项目启动成功---!!!---
2017-12-18 15:27:10,516  INFO DispatcherServlet:489 - FrameworkServlet 'dispatcherServlet': initialization started
2017-12-18 15:27:10,529  INFO DispatcherServlet:508 - FrameworkServlet 'dispatcherServlet': initialization completed in 13 ms
2017-12-18 15:37:11,405  INFO Application:48 - Starting Application on DESKTOP-MQEVQH2 with PID 8644 (D:\Workspace\WeChatShop_Java\target\classes started by lenovo in D:\Workspace\WeChatShop_Java)
2017-12-18 15:37:11,406  INFO Application:637 - No active profile set, falling back to default profiles: default
2017-12-18 15:37:11,569  INFO AnnotationConfigEmbeddedWebApplicationContext:582 - Refreshing org.springframework.boot.context.embedded.AnnotationConfigEmbeddedWebApplicationContext@757942a1: startup date [Mon Dec 18 15:37:11 CST 2017]; root of context hierarchy
2017-12-18 15:37:12,790  INFO Version:30 - HV000001: Hibernate Validator 5.3.4.Final
2017-12-18 15:37:13,826  INFO PostProcessorRegistrationDelegate$BeanPostProcessorChecker:325 - Bean 'org.springframework.boot.autoconfigure.validation.ValidationAutoConfiguration' of type [class org.springframework.boot.autoconfigure.validation.ValidationAutoConfiguration] is not eligible for getting processed by all BeanPostProcessors (for example: not eligible for auto-proxying)
2017-12-18 15:37:13,880  INFO PostProcessorRegistrationDelegate$BeanPostProcessorChecker:325 - Bean 'validator' of type [class org.springframework.validation.beanvalidation.LocalValidatorFactoryBean] is not eligible for getting processed by all BeanPostProcessors (for example: not eligible for auto-proxying)
2017-12-18 15:37:14,348  INFO PostProcessorRegistrationDelegate$BeanPostProcessorChecker:325 - Bean 'org.springframework.transaction.annotation.ProxyTransactionManagementConfiguration' of type [class org.springframework.transaction.annotation.ProxyTransactionManagementConfiguration$$EnhancerBySpringCGLIB$$5c141416] is not eligible for getting processed by all BeanPostProcessors (for example: not eligible for auto-proxying)
2017-12-18 15:37:15,398  INFO TomcatEmbeddedServletContainer:89 - Tomcat initialized with port(s): 8080 (http)
2017-12-18 15:37:17,013  INFO ContextLoader:276 - Root WebApplicationContext: initialization completed in 5446 ms
2017-12-18 15:37:17,408  INFO ServletRegistrationBean:190 - Mapping servlet: 'dispatcherServlet' to [/]
2017-12-18 15:37:17,415  INFO FilterRegistrationBean:258 - Mapping filter: 'characterEncodingFilter' to: [/*]
2017-12-18 15:37:17,416  INFO FilterRegistrationBean:258 - Mapping filter: 'hiddenHttpMethodFilter' to: [/*]
2017-12-18 15:37:17,421  INFO FilterRegistrationBean:258 - Mapping filter: 'httpPutFormContentFilter' to: [/*]
2017-12-18 15:37:17,421  INFO FilterRegistrationBean:258 - Mapping filter: 'requestContextFilter' to: [/*]
2017-12-18 15:37:19,689  INFO RequestMappingHandlerAdapter:534 - Looking for @ControllerAdvice: org.springframework.boot.context.embedded.AnnotationConfigEmbeddedWebApplicationContext@757942a1: startup date [Mon Dec 18 15:37:11 CST 2017]; root of context hierarchy
2017-12-18 15:37:20,681  INFO RequestMappingHandlerMapping:543 - Mapped "{[/index]}" onto public java.lang.String com.wechat.shop.controller.UserController.index() throws java.lang.NullPointerException
2017-12-18 15:37:20,683  INFO RequestMappingHandlerMapping:543 - Mapped "{[/login]}" onto public java.util.Map<java.lang.String, java.lang.Object> com.wechat.shop.controller.UserController.login(java.lang.String,java.lang.String,java.lang.Integer,java.lang.String,java.lang.String,java.lang.String,java.lang.String) throws java.lang.Exception
2017-12-18 15:37:20,683  INFO RequestMappingHandlerMapping:543 - Mapped "{[/addReceivingAddress]}" onto public java.util.Map<java.lang.String, java.lang.Object> com.wechat.shop.controller.UserController.addReceivingAddress(java.lang.String,java.lang.String,java.lang.String,java.lang.String,java.lang.String,java.lang.String,java.lang.String,java.lang.String,java.lang.String) throws java.lang.Exception
2017-12-18 15:37:20,684  INFO RequestMappingHandlerMapping:543 - Mapped "{[/queryReceivingAddressListById]}" onto public java.util.Map<java.lang.String, java.lang.Object> com.wechat.shop.controller.UserController.queryReceivingAddressListById(java.lang.String) throws java.lang.Exception
2017-12-18 15:37:20,684  INFO RequestMappingHandlerMapping:543 - Mapped "{[/setAddressStatusById]}" onto public java.util.Map<java.lang.String, java.lang.Object> com.wechat.shop.controller.UserController.setAddressStatusById(java.lang.String,java.lang.Long) throws java.lang.Exception
2017-12-18 15:37:20,684  INFO RequestMappingHandlerMapping:543 - Mapped "{[/delAddressStatusById]}" onto public java.util.Map<java.lang.String, java.lang.Object> com.wechat.shop.controller.UserController.delAddressStatusById(java.lang.String,java.lang.Long,java.lang.Integer) throws java.lang.Exception
2017-12-18 15:37:20,689  INFO RequestMappingHandlerMapping:543 - Mapped "{[/error]}" onto public org.springframework.http.ResponseEntity<java.util.Map<java.lang.String, java.lang.Object>> org.springframework.boot.autoconfigure.web.BasicErrorController.error(javax.servlet.http.HttpServletRequest)
2017-12-18 15:37:20,694  INFO RequestMappingHandlerMapping:543 - Mapped "{[/error],produces=[text/html]}" onto public org.springframework.web.servlet.ModelAndView org.springframework.boot.autoconfigure.web.BasicErrorController.errorHtml(javax.servlet.http.HttpServletRequest,javax.servlet.http.HttpServletResponse)
2017-12-18 15:37:20,815  INFO SimpleUrlHandlerMapping:354 - Mapped URL path [/webjars/**] onto handler of type [class org.springframework.web.servlet.resource.ResourceHttpRequestHandler]
2017-12-18 15:37:20,815  INFO SimpleUrlHandlerMapping:354 - Mapped URL path [/**] onto handler of type [class org.springframework.web.servlet.resource.ResourceHttpRequestHandler]
2017-12-18 15:37:21,495  INFO ExceptionHandlerExceptionResolver:273 - Detected @ExceptionHandler methods in errorController
2017-12-18 15:37:21,551  INFO SimpleUrlHandlerMapping:354 - Mapped URL path [/**/favicon.ico] onto handler of type [class org.springframework.web.servlet.resource.ResourceHttpRequestHandler]
2017-12-18 15:37:25,066  INFO AnnotationMBeanExporter:431 - Registering beans for JMX exposure on startup
2017-12-18 15:37:25,197  INFO TomcatEmbeddedServletContainer:192 - Tomcat started on port(s): 8080 (http)
2017-12-18 15:37:25,203  INFO Application:57 - Started Application in 14.339 seconds (JVM running for 14.882)
2017-12-18 15:37:25,204  INFO Application:25 - ---!!!---项目启动成功---!!!---
2017-12-18 15:38:23,794  INFO DispatcherServlet:489 - FrameworkServlet 'dispatcherServlet': initialization started
2017-12-18 15:38:23,806  INFO DispatcherServlet:508 - FrameworkServlet 'dispatcherServlet': initialization completed in 12 ms
2017-12-18 15:38:23,825 ERROR ErrorController:32 - ---!!!---出现异常处理ErrorController，异常信息为：java.lang.NullPointerException---!!!---
2017-12-18 18:41:24,881  INFO Application:48 - Starting Application on DESKTOP-LQRJRTP with PID 23028 (D:\Work\WX_Project\WeChatShop_Java\target\classes started by ZLX in D:\Work\WX_Project\WeChatShop_Java)
2017-12-18 18:41:24,901  INFO Application:637 - No active profile set, falling back to default profiles: default
2017-12-18 18:41:25,431  INFO AnnotationConfigEmbeddedWebApplicationContext:582 - Refreshing org.springframework.boot.context.embedded.AnnotationConfigEmbeddedWebApplicationContext@462d5aee: startup date [Mon Dec 18 18:41:25 CST 2017]; root of context hierarchy
2017-12-18 18:41:26,802  INFO Version:30 - HV000001: Hibernate Validator 5.3.4.Final
2017-12-18 18:41:27,830  INFO PostProcessorRegistrationDelegate$BeanPostProcessorChecker:325 - Bean 'org.springframework.boot.autoconfigure.validation.ValidationAutoConfiguration' of type [class org.springframework.boot.autoconfigure.validation.ValidationAutoConfiguration] is not eligible for getting processed by all BeanPostProcessors (for example: not eligible for auto-proxying)
2017-12-18 18:41:27,920  INFO PostProcessorRegistrationDelegate$BeanPostProcessorChecker:325 - Bean 'validator' of type [class org.springframework.validation.beanvalidation.LocalValidatorFactoryBean] is not eligible for getting processed by all BeanPostProcessors (for example: not eligible for auto-proxying)
2017-12-18 18:41:27,965  INFO PostProcessorRegistrationDelegate$BeanPostProcessorChecker:325 - Bean 'org.springframework.transaction.annotation.ProxyTransactionManagementConfiguration' of type [class org.springframework.transaction.annotation.ProxyTransactionManagementConfiguration$$EnhancerBySpringCGLIB$$4bb9271c] is not eligible for getting processed by all BeanPostProcessors (for example: not eligible for auto-proxying)
2017-12-18 18:41:28,821  INFO TomcatEmbeddedServletContainer:89 - Tomcat initialized with port(s): 8080 (http)
2017-12-18 18:41:29,498  INFO ContextLoader:276 - Root WebApplicationContext: initialization completed in 4090 ms
2017-12-18 18:41:29,767  INFO ServletRegistrationBean:190 - Mapping servlet: 'dispatcherServlet' to [/]
2017-12-18 18:41:29,774  INFO FilterRegistrationBean:258 - Mapping filter: 'characterEncodingFilter' to: [/*]
2017-12-18 18:41:29,776  INFO FilterRegistrationBean:258 - Mapping filter: 'hiddenHttpMethodFilter' to: [/*]
2017-12-18 18:41:29,777  INFO FilterRegistrationBean:258 - Mapping filter: 'httpPutFormContentFilter' to: [/*]
2017-12-18 18:41:29,777  INFO FilterRegistrationBean:258 - Mapping filter: 'requestContextFilter' to: [/*]
2017-12-18 18:41:31,089  INFO RequestMappingHandlerAdapter:534 - Looking for @ControllerAdvice: org.springframework.boot.context.embedded.AnnotationConfigEmbeddedWebApplicationContext@462d5aee: startup date [Mon Dec 18 18:41:25 CST 2017]; root of context hierarchy
2017-12-18 18:41:31,271  INFO RequestMappingHandlerMapping:543 - Mapped "{[/index]}" onto public java.lang.String com.wechat.shop.controller.UserController.index() throws java.lang.NullPointerException
2017-12-18 18:41:31,275  INFO RequestMappingHandlerMapping:543 - Mapped "{[/addReceivingAddress]}" onto public java.util.Map<java.lang.String, java.lang.Object> com.wechat.shop.controller.UserController.addReceivingAddress(java.lang.String,java.lang.String,java.lang.String,java.lang.String,java.lang.String,java.lang.String,java.lang.String,java.lang.String,java.lang.String) throws java.lang.Exception
2017-12-18 18:41:31,276  INFO RequestMappingHandlerMapping:543 - Mapped "{[/queryReceivingAddressListById]}" onto public java.util.Map<java.lang.String, java.lang.Object> com.wechat.shop.controller.UserController.queryReceivingAddressListById(java.lang.String) throws java.lang.Exception
2017-12-18 18:41:31,277  INFO RequestMappingHandlerMapping:543 - Mapped "{[/setAddressStatusById]}" onto public java.util.Map<java.lang.String, java.lang.Object> com.wechat.shop.controller.UserController.setAddressStatusById(java.lang.String,java.lang.Long) throws java.lang.Exception
2017-12-18 18:41:31,278  INFO RequestMappingHandlerMapping:543 - Mapped "{[/delAddressStatusById]}" onto public java.util.Map<java.lang.String, java.lang.Object> com.wechat.shop.controller.UserController.delAddressStatusById(java.lang.String,java.lang.Long,java.lang.Integer) throws java.lang.Exception
2017-12-18 18:41:31,279  INFO RequestMappingHandlerMapping:543 - Mapped "{[/login]}" onto public java.util.Map<java.lang.String, java.lang.Object> com.wechat.shop.controller.UserController.login(java.lang.String,java.lang.String,java.lang.Integer,java.lang.String,java.lang.String,java.lang.String,java.lang.String) throws java.lang.Exception
2017-12-18 18:41:31,288  INFO RequestMappingHandlerMapping:543 - Mapped "{[/error]}" onto public org.springframework.http.ResponseEntity<java.util.Map<java.lang.String, java.lang.Object>> org.springframework.boot.autoconfigure.web.BasicErrorController.error(javax.servlet.http.HttpServletRequest)
2017-12-18 18:41:31,289  INFO RequestMappingHandlerMapping:543 - Mapped "{[/error],produces=[text/html]}" onto public org.springframework.web.servlet.ModelAndView org.springframework.boot.autoconfigure.web.BasicErrorController.errorHtml(javax.servlet.http.HttpServletRequest,javax.servlet.http.HttpServletResponse)
2017-12-18 18:41:31,416  INFO SimpleUrlHandlerMapping:354 - Mapped URL path [/webjars/**] onto handler of type [class org.springframework.web.servlet.resource.ResourceHttpRequestHandler]
2017-12-18 18:41:31,425  INFO SimpleUrlHandlerMapping:354 - Mapped URL path [/**] onto handler of type [class org.springframework.web.servlet.resource.ResourceHttpRequestHandler]
2017-12-18 18:41:31,607  INFO SimpleUrlHandlerMapping:354 - Mapped URL path [/**/favicon.ico] onto handler of type [class org.springframework.web.servlet.resource.ResourceHttpRequestHandler]
2017-12-18 18:41:32,232  INFO AnnotationMBeanExporter:431 - Registering beans for JMX exposure on startup
2017-12-18 18:41:32,425  INFO TomcatEmbeddedServletContainer:192 - Tomcat started on port(s): 8080 (http)
2017-12-18 18:41:32,433  INFO Application:57 - Started Application in 8.044 seconds (JVM running for 8.901)
2017-12-18 18:41:32,433  INFO Application:25 - ---!!!---项目启动成功---!!!---
2017-12-18 18:41:39,791  INFO DispatcherServlet:489 - FrameworkServlet 'dispatcherServlet': initialization started
2017-12-18 18:41:39,866  INFO DispatcherServlet:508 - FrameworkServlet 'dispatcherServlet': initialization completed in 74 ms
2017-12-18 18:46:14,775  INFO Application:48 - Starting Application on DESKTOP-LQRJRTP with PID 3120 (D:\Work\WX_Project\WeChatShop_Java\target\classes started by ZLX in D:\Work\WX_Project\WeChatShop_Java)
2017-12-18 18:46:14,783  INFO Application:637 - No active profile set, falling back to default profiles: default
2017-12-18 18:46:14,905  INFO AnnotationConfigEmbeddedWebApplicationContext:582 - Refreshing org.springframework.boot.context.embedded.AnnotationConfigEmbeddedWebApplicationContext@462d5aee: startup date [Mon Dec 18 18:46:14 CST 2017]; root of context hierarchy
2017-12-18 18:46:15,788  INFO Version:30 - HV000001: Hibernate Validator 5.3.4.Final
2017-12-18 18:46:17,089  INFO PostProcessorRegistrationDelegate$BeanPostProcessorChecker:325 - Bean 'org.springframework.boot.autoconfigure.validation.ValidationAutoConfiguration' of type [class org.springframework.boot.autoconfigure.validation.ValidationAutoConfiguration] is not eligible for getting processed by all BeanPostProcessors (for example: not eligible for auto-proxying)
2017-12-18 18:46:17,188  INFO PostProcessorRegistrationDelegate$BeanPostProcessorChecker:325 - Bean 'validator' of type [class org.springframework.validation.beanvalidation.LocalValidatorFactoryBean] is not eligible for getting processed by all BeanPostProcessors (for example: not eligible for auto-proxying)
2017-12-18 18:46:17,240  INFO PostProcessorRegistrationDelegate$BeanPostProcessorChecker:325 - Bean 'org.springframework.transaction.annotation.ProxyTransactionManagementConfiguration' of type [class org.springframework.transaction.annotation.ProxyTransactionManagementConfiguration$$EnhancerBySpringCGLIB$$4bb9271c] is not eligible for getting processed by all BeanPostProcessors (for example: not eligible for auto-proxying)
2017-12-18 18:46:18,452  INFO TomcatEmbeddedServletContainer:89 - Tomcat initialized with port(s): 8080 (http)
2017-12-18 18:46:19,452  INFO ContextLoader:276 - Root WebApplicationContext: initialization completed in 4551 ms
2017-12-18 18:46:19,755  INFO ServletRegistrationBean:190 - Mapping servlet: 'dispatcherServlet' to [/]
2017-12-18 18:46:19,763  INFO FilterRegistrationBean:258 - Mapping filter: 'characterEncodingFilter' to: [/*]
2017-12-18 18:46:19,764  INFO FilterRegistrationBean:258 - Mapping filter: 'hiddenHttpMethodFilter' to: [/*]
2017-12-18 18:46:19,765  INFO FilterRegistrationBean:258 - Mapping filter: 'httpPutFormContentFilter' to: [/*]
2017-12-18 18:46:19,765  INFO FilterRegistrationBean:258 - Mapping filter: 'requestContextFilter' to: [/*]
2017-12-18 18:46:21,591  INFO RequestMappingHandlerAdapter:534 - Looking for @ControllerAdvice: org.springframework.boot.context.embedded.AnnotationConfigEmbeddedWebApplicationContext@462d5aee: startup date [Mon Dec 18 18:46:14 CST 2017]; root of context hierarchy
2017-12-18 18:46:21,821  INFO RequestMappingHandlerMapping:543 - Mapped "{[/index]}" onto public java.lang.String com.wechat.shop.controller.UserController.index() throws java.lang.NullPointerException
2017-12-18 18:46:21,824  INFO RequestMappingHandlerMapping:543 - Mapped "{[/addReceivingAddress]}" onto public java.util.Map<java.lang.String, java.lang.Object> com.wechat.shop.controller.UserController.addReceivingAddress(java.lang.String,java.lang.String,java.lang.String,java.lang.String,java.lang.String,java.lang.String,java.lang.String,java.lang.String,java.lang.String) throws java.lang.Exception
2017-12-18 18:46:21,825  INFO RequestMappingHandlerMapping:543 - Mapped "{[/queryReceivingAddressListById]}" onto public java.util.Map<java.lang.String, java.lang.Object> com.wechat.shop.controller.UserController.queryReceivingAddressListById(java.lang.String) throws java.lang.Exception
2017-12-18 18:46:21,826  INFO RequestMappingHandlerMapping:543 - Mapped "{[/delAddressStatusById]}" onto public java.util.Map<java.lang.String, java.lang.Object> com.wechat.shop.controller.UserController.delAddressStatusById(java.lang.String,java.lang.Long,java.lang.Integer) throws java.lang.Exception
2017-12-18 18:46:21,837  INFO RequestMappingHandlerMapping:543 - Mapped "{[/setAddressStatusById]}" onto public java.util.Map<java.lang.String, java.lang.Object> com.wechat.shop.controller.UserController.setAddressStatusById(java.lang.String,java.lang.Long) throws java.lang.Exception
2017-12-18 18:46:21,839  INFO RequestMappingHandlerMapping:543 - Mapped "{[/login]}" onto public java.util.Map<java.lang.String, java.lang.Object> com.wechat.shop.controller.UserController.login(java.lang.String,java.lang.String,java.lang.Integer,java.lang.String,java.lang.String,java.lang.String,java.lang.String) throws java.lang.Exception
2017-12-18 18:46:21,844  INFO RequestMappingHandlerMapping:543 - Mapped "{[/error]}" onto public org.springframework.http.ResponseEntity<java.util.Map<java.lang.String, java.lang.Object>> org.springframework.boot.autoconfigure.web.BasicErrorController.error(javax.servlet.http.HttpServletRequest)
2017-12-18 18:46:21,851  INFO RequestMappingHandlerMapping:543 - Mapped "{[/error],produces=[text/html]}" onto public org.springframework.web.servlet.ModelAndView org.springframework.boot.autoconfigure.web.BasicErrorController.errorHtml(javax.servlet.http.HttpServletRequest,javax.servlet.http.HttpServletResponse)
2017-12-18 18:46:21,946  INFO SimpleUrlHandlerMapping:354 - Mapped URL path [/webjars/**] onto handler of type [class org.springframework.web.servlet.resource.ResourceHttpRequestHandler]
2017-12-18 18:46:21,948  INFO SimpleUrlHandlerMapping:354 - Mapped URL path [/**] onto handler of type [class org.springframework.web.servlet.resource.ResourceHttpRequestHandler]
2017-12-18 18:46:21,978  INFO ExceptionHandlerExceptionResolver:273 - Detected @ExceptionHandler methods in errorController
2017-12-18 18:46:22,038  INFO SimpleUrlHandlerMapping:354 - Mapped URL path [/**/favicon.ico] onto handler of type [class org.springframework.web.servlet.resource.ResourceHttpRequestHandler]
2017-12-18 18:46:22,541  INFO AnnotationMBeanExporter:431 - Registering beans for JMX exposure on startup
2017-12-18 18:46:22,688  INFO TomcatEmbeddedServletContainer:192 - Tomcat started on port(s): 8080 (http)
2017-12-18 18:46:22,705  INFO Application:57 - Started Application in 8.568 seconds (JVM running for 9.275)
2017-12-18 18:46:22,706  INFO Application:25 - ---!!!---项目启动成功---!!!---
2017-12-18 18:47:41,513  INFO DispatcherServlet:489 - FrameworkServlet 'dispatcherServlet': initialization started
2017-12-18 18:47:41,555  INFO DispatcherServlet:508 - FrameworkServlet 'dispatcherServlet': initialization completed in 41 ms
